

============================== 2022-11-08 15:49:51.101958 | e5b1c2d8-3841-468a-a425-0ac67462ea15 ==============================
[0m15:49:51.101968 [info ] [MainThread]: Running with dbt=1.3.0
[0m15:49:51.102247 [debug] [MainThread]: running dbt with arguments {'write_json': True, 'use_colors': True, 'printer_width': 80, 'version_check': True, 'partial_parse': True, 'static_parser': True, 'profiles_dir': '/home/haynlyn/.dbt', 'send_anonymous_usage_stats': True, 'event_buffer_size': 100000, 'quiet': False, 'no_print': False, 'config_dir': False, 'which': 'debug', 'indirect_selection': 'eager'}
[0m15:49:51.102347 [debug] [MainThread]: Tracking: tracking
[0m15:49:51.106662 [debug] [MainThread]: Sending event: {'category': 'dbt', 'action': 'invocation', 'label': 'start', 'context': [<snowplow_tracker.self_describing_json.SelfDescribingJson object at 0x7f2d59dc6eb0>, <snowplow_tracker.self_describing_json.SelfDescribingJson object at 0x7f2d59dd53a0>, <snowplow_tracker.self_describing_json.SelfDescribingJson object at 0x7f2d59dd5250>]}
[0m15:49:51.677313 [debug] [MainThread]: Executing "git --help"
[0m15:49:51.689500 [debug] [MainThread]: STDOUT: "b"usage: git [--version] [--help] [-C <path>] [-c <name>=<value>]\n           [--exec-path[=<path>]] [--html-path] [--man-path] [--info-path]\n           [-p | --paginate | -P | --no-pager] [--no-replace-objects] [--bare]\n           [--git-dir=<path>] [--work-tree=<path>] [--namespace=<name>]\n           [--super-prefix=<path>] [--config-env=<name>=<envvar>]\n           <command> [<args>]\n\nThese are common Git commands used in various situations:\n\nstart a working area (see also: git help tutorial)\n   clone     Clone a repository into a new directory\n   init      Create an empty Git repository or reinitialize an existing one\n\nwork on the current change (see also: git help everyday)\n   add       Add file contents to the index\n   mv        Move or rename a file, a directory, or a symlink\n   restore   Restore working tree files\n   rm        Remove files from the working tree and from the index\n\nexamine the history and state (see also: git help revisions)\n   bisect    Use binary search to find the commit that introduced a bug\n   diff      Show changes between commits, commit and working tree, etc\n   grep      Print lines matching a pattern\n   log       Show commit logs\n   show      Show various types of objects\n   status    Show the working tree status\n\ngrow, mark and tweak your common history\n   branch    List, create, or delete branches\n   commit    Record changes to the repository\n   merge     Join two or more development histories together\n   rebase    Reapply commits on top of another base tip\n   reset     Reset current HEAD to the specified state\n   switch    Switch branches\n   tag       Create, list, delete or verify a tag object signed with GPG\n\ncollaborate (see also: git help workflows)\n   fetch     Download objects and refs from another repository\n   pull      Fetch from and integrate with another repository or a local branch\n   push      Update remote refs along with associated objects\n\n'git help -a' and 'git help -g' list available subcommands and some\nconcept guides. See 'git help <command>' or 'git help <concept>'\nto read about a specific subcommand or concept.\nSee 'git help git' for an overview of the system.\n""
[0m15:49:51.689949 [debug] [MainThread]: STDERR: "b''"
[0m15:49:51.694390 [debug] [MainThread]: Acquiring new bigquery connection "debug"
[0m15:49:51.695088 [debug] [MainThread]: Opening a new connection, currently in state init
[0m15:49:51.695393 [debug] [MainThread]: BigQuery adapter: Got an error when attempting to create a bigquery client: '[Errno 2] No such file or directory: 'Downloads/dbt-user-creds-bigquery-test.json''
[0m15:49:51.695945 [debug] [MainThread]: Sending event: {'category': 'dbt', 'action': 'invocation', 'label': 'end', 'context': [<snowplow_tracker.self_describing_json.SelfDescribingJson object at 0x7f2d13b74910>, <snowplow_tracker.self_describing_json.SelfDescribingJson object at 0x7f2d13b74850>, <snowplow_tracker.self_describing_json.SelfDescribingJson object at 0x7f2d13b748e0>]}
[0m15:49:51.696390 [debug] [MainThread]: Flushing usage events
[0m15:49:52.189816 [debug] [MainThread]: Connection 'debug' was properly closed.


============================== 2022-11-08 15:50:51.430497 | f2011f24-9444-4ca6-bc8f-0af3f1ae2ca3 ==============================
[0m15:50:51.430506 [info ] [MainThread]: Running with dbt=1.3.0
[0m15:50:51.430838 [debug] [MainThread]: running dbt with arguments {'write_json': True, 'use_colors': True, 'printer_width': 80, 'version_check': True, 'partial_parse': True, 'static_parser': True, 'profiles_dir': '/home/haynlyn/.dbt', 'send_anonymous_usage_stats': True, 'event_buffer_size': 100000, 'quiet': False, 'no_print': False, 'config_dir': False, 'which': 'debug', 'indirect_selection': 'eager'}
[0m15:50:51.430926 [debug] [MainThread]: Tracking: tracking
[0m15:50:51.434241 [debug] [MainThread]: Sending event: {'category': 'dbt', 'action': 'invocation', 'label': 'start', 'context': [<snowplow_tracker.self_describing_json.SelfDescribingJson object at 0x7faf5d606f70>, <snowplow_tracker.self_describing_json.SelfDescribingJson object at 0x7faf5d615130>, <snowplow_tracker.self_describing_json.SelfDescribingJson object at 0x7faf5d615160>]}
[0m15:50:51.841683 [debug] [MainThread]: Executing "git --help"
[0m15:50:51.852213 [debug] [MainThread]: STDOUT: "b"usage: git [--version] [--help] [-C <path>] [-c <name>=<value>]\n           [--exec-path[=<path>]] [--html-path] [--man-path] [--info-path]\n           [-p | --paginate | -P | --no-pager] [--no-replace-objects] [--bare]\n           [--git-dir=<path>] [--work-tree=<path>] [--namespace=<name>]\n           [--super-prefix=<path>] [--config-env=<name>=<envvar>]\n           <command> [<args>]\n\nThese are common Git commands used in various situations:\n\nstart a working area (see also: git help tutorial)\n   clone     Clone a repository into a new directory\n   init      Create an empty Git repository or reinitialize an existing one\n\nwork on the current change (see also: git help everyday)\n   add       Add file contents to the index\n   mv        Move or rename a file, a directory, or a symlink\n   restore   Restore working tree files\n   rm        Remove files from the working tree and from the index\n\nexamine the history and state (see also: git help revisions)\n   bisect    Use binary search to find the commit that introduced a bug\n   diff      Show changes between commits, commit and working tree, etc\n   grep      Print lines matching a pattern\n   log       Show commit logs\n   show      Show various types of objects\n   status    Show the working tree status\n\ngrow, mark and tweak your common history\n   branch    List, create, or delete branches\n   commit    Record changes to the repository\n   merge     Join two or more development histories together\n   rebase    Reapply commits on top of another base tip\n   reset     Reset current HEAD to the specified state\n   switch    Switch branches\n   tag       Create, list, delete or verify a tag object signed with GPG\n\ncollaborate (see also: git help workflows)\n   fetch     Download objects and refs from another repository\n   pull      Fetch from and integrate with another repository or a local branch\n   push      Update remote refs along with associated objects\n\n'git help -a' and 'git help -g' list available subcommands and some\nconcept guides. See 'git help <command>' or 'git help <concept>'\nto read about a specific subcommand or concept.\nSee 'git help git' for an overview of the system.\n""
[0m15:50:51.852574 [debug] [MainThread]: STDERR: "b''"
[0m15:50:51.856172 [debug] [MainThread]: Acquiring new bigquery connection "debug"
[0m15:50:51.856672 [debug] [MainThread]: Opening a new connection, currently in state init
[0m15:50:51.856955 [debug] [MainThread]: BigQuery adapter: Got an error when attempting to create a bigquery client: '[Errno 2] No such file or directory: '~/.dbt/dbt-user-creds-bigquery-test.json''
[0m15:50:51.857431 [debug] [MainThread]: Sending event: {'category': 'dbt', 'action': 'invocation', 'label': 'end', 'context': [<snowplow_tracker.self_describing_json.SelfDescribingJson object at 0x7faf173f1eb0>, <snowplow_tracker.self_describing_json.SelfDescribingJson object at 0x7faf173ac1f0>, <snowplow_tracker.self_describing_json.SelfDescribingJson object at 0x7faf173ac190>]}
[0m15:50:51.857772 [debug] [MainThread]: Flushing usage events
[0m15:50:52.419567 [debug] [MainThread]: Connection 'debug' was properly closed.


============================== 2022-11-08 15:52:04.603654 | 08f4e8f2-47fc-474c-89a1-3f35218755e5 ==============================
[0m15:52:04.603662 [info ] [MainThread]: Running with dbt=1.3.0
[0m15:52:04.603969 [debug] [MainThread]: running dbt with arguments {'write_json': True, 'use_colors': True, 'printer_width': 80, 'version_check': True, 'partial_parse': True, 'static_parser': True, 'profiles_dir': '/home/haynlyn/.dbt', 'send_anonymous_usage_stats': True, 'event_buffer_size': 100000, 'quiet': False, 'no_print': False, 'config_dir': False, 'which': 'debug', 'indirect_selection': 'eager'}
[0m15:52:04.604125 [debug] [MainThread]: Tracking: tracking
[0m15:52:04.617402 [debug] [MainThread]: Sending event: {'category': 'dbt', 'action': 'invocation', 'label': 'start', 'context': [<snowplow_tracker.self_describing_json.SelfDescribingJson object at 0x7ff10c3c6fa0>, <snowplow_tracker.self_describing_json.SelfDescribingJson object at 0x7ff10c3d5160>, <snowplow_tracker.self_describing_json.SelfDescribingJson object at 0x7ff10c3d5190>]}
[0m15:52:04.995776 [debug] [MainThread]: Executing "git --help"
[0m15:52:05.001086 [debug] [MainThread]: STDOUT: "b"usage: git [--version] [--help] [-C <path>] [-c <name>=<value>]\n           [--exec-path[=<path>]] [--html-path] [--man-path] [--info-path]\n           [-p | --paginate | -P | --no-pager] [--no-replace-objects] [--bare]\n           [--git-dir=<path>] [--work-tree=<path>] [--namespace=<name>]\n           [--super-prefix=<path>] [--config-env=<name>=<envvar>]\n           <command> [<args>]\n\nThese are common Git commands used in various situations:\n\nstart a working area (see also: git help tutorial)\n   clone     Clone a repository into a new directory\n   init      Create an empty Git repository or reinitialize an existing one\n\nwork on the current change (see also: git help everyday)\n   add       Add file contents to the index\n   mv        Move or rename a file, a directory, or a symlink\n   restore   Restore working tree files\n   rm        Remove files from the working tree and from the index\n\nexamine the history and state (see also: git help revisions)\n   bisect    Use binary search to find the commit that introduced a bug\n   diff      Show changes between commits, commit and working tree, etc\n   grep      Print lines matching a pattern\n   log       Show commit logs\n   show      Show various types of objects\n   status    Show the working tree status\n\ngrow, mark and tweak your common history\n   branch    List, create, or delete branches\n   commit    Record changes to the repository\n   merge     Join two or more development histories together\n   rebase    Reapply commits on top of another base tip\n   reset     Reset current HEAD to the specified state\n   switch    Switch branches\n   tag       Create, list, delete or verify a tag object signed with GPG\n\ncollaborate (see also: git help workflows)\n   fetch     Download objects and refs from another repository\n   pull      Fetch from and integrate with another repository or a local branch\n   push      Update remote refs along with associated objects\n\n'git help -a' and 'git help -g' list available subcommands and some\nconcept guides. See 'git help <command>' or 'git help <concept>'\nto read about a specific subcommand or concept.\nSee 'git help git' for an overview of the system.\n""
[0m15:52:05.001384 [debug] [MainThread]: STDERR: "b''"
[0m15:52:05.004504 [debug] [MainThread]: Acquiring new bigquery connection "debug"
[0m15:52:05.005043 [debug] [MainThread]: Opening a new connection, currently in state init
[0m15:52:05.011138 [debug] [MainThread]: On debug: select 1 as id
[0m15:52:07.574292 [debug] [MainThread]: BigQuery adapter: https://console.cloud.google.com/bigquery?project=smart-theory-367915&j=bq:1112d9f7-051a-4af7-8bd5-84b3c8e5ce4a:US&page=queryresults
[0m15:52:07.575243 [debug] [MainThread]: Sending event: {'category': 'dbt', 'action': 'invocation', 'label': 'end', 'context': [<snowplow_tracker.self_describing_json.SelfDescribingJson object at 0x7ff0c61b0be0>, <snowplow_tracker.self_describing_json.SelfDescribingJson object at 0x7ff0c61a8850>, <snowplow_tracker.self_describing_json.SelfDescribingJson object at 0x7ff0c61a8fa0>]}
[0m15:52:07.575932 [debug] [MainThread]: Flushing usage events
[0m15:52:08.185004 [debug] [MainThread]: Connection 'debug' was properly closed.


============================== 2022-11-08 15:56:43.454886 | 91b552f9-ce0b-42d4-b1b8-3a6d4ae2c087 ==============================
[0m15:56:43.454907 [info ] [MainThread]: Running with dbt=1.3.0
[0m15:56:43.455723 [debug] [MainThread]: running dbt with arguments {'write_json': True, 'use_colors': True, 'printer_width': 80, 'version_check': True, 'partial_parse': True, 'static_parser': True, 'profiles_dir': '/home/haynlyn/.dbt', 'send_anonymous_usage_stats': True, 'event_buffer_size': 100000, 'quiet': False, 'no_print': False, 'which': 'run', 'rpc_method': 'run', 'indirect_selection': 'eager'}
[0m15:56:43.455847 [debug] [MainThread]: Tracking: tracking
[0m15:56:43.461905 [debug] [MainThread]: Sending event: {'category': 'dbt', 'action': 'invocation', 'label': 'start', 'context': [<snowplow_tracker.self_describing_json.SelfDescribingJson object at 0x7f1975114fa0>, <snowplow_tracker.self_describing_json.SelfDescribingJson object at 0x7f19751280d0>, <snowplow_tracker.self_describing_json.SelfDescribingJson object at 0x7f1975128070>]}
[0m15:56:43.470525 [info ] [MainThread]: Partial parse save file not found. Starting full parse.
[0m15:56:43.470768 [debug] [MainThread]: Sending event: {'category': 'dbt', 'action': 'partial_parser', 'label': '91b552f9-ce0b-42d4-b1b8-3a6d4ae2c087', 'context': [<snowplow_tracker.self_describing_json.SelfDescribingJson object at 0x7f1975128340>]}
[0m15:56:43.488290 [debug] [MainThread]: Parsing macros/adapters.sql
[0m15:56:43.506449 [debug] [MainThread]: Parsing macros/etc.sql
[0m15:56:43.507762 [debug] [MainThread]: Parsing macros/catalog.sql
[0m15:56:43.511873 [debug] [MainThread]: Parsing macros/utils/dateadd.sql
[0m15:56:43.512349 [debug] [MainThread]: Parsing macros/utils/listagg.sql
[0m15:56:43.513059 [debug] [MainThread]: Parsing macros/utils/array_concat.sql
[0m15:56:43.513451 [debug] [MainThread]: Parsing macros/utils/except.sql
[0m15:56:43.513722 [debug] [MainThread]: Parsing macros/utils/array_append.sql
[0m15:56:43.514195 [debug] [MainThread]: Parsing macros/utils/split_part.sql
[0m15:56:43.515110 [debug] [MainThread]: Parsing macros/utils/array_construct.sql
[0m15:56:43.515708 [debug] [MainThread]: Parsing macros/utils/safe_cast.sql
[0m15:56:43.516122 [debug] [MainThread]: Parsing macros/utils/escape_single_quotes.sql
[0m15:56:43.516509 [debug] [MainThread]: Parsing macros/utils/right.sql
[0m15:56:43.516944 [debug] [MainThread]: Parsing macros/utils/datediff.sql
[0m15:56:43.517911 [debug] [MainThread]: Parsing macros/utils/bool_or.sql
[0m15:56:43.518237 [debug] [MainThread]: Parsing macros/utils/date_trunc.sql
[0m15:56:43.518602 [debug] [MainThread]: Parsing macros/utils/timestamps.sql
[0m15:56:43.519353 [debug] [MainThread]: Parsing macros/utils/intersect.sql
[0m15:56:43.519613 [debug] [MainThread]: Parsing macros/utils/hash.sql
[0m15:56:43.519956 [debug] [MainThread]: Parsing macros/utils/position.sql
[0m15:56:43.520319 [debug] [MainThread]: Parsing macros/adapters/apply_grants.sql
[0m15:56:43.522025 [debug] [MainThread]: Parsing macros/materializations/seed.sql
[0m15:56:43.523635 [debug] [MainThread]: Parsing macros/materializations/table.sql
[0m15:56:43.528435 [debug] [MainThread]: Parsing macros/materializations/snapshot.sql
[0m15:56:43.529547 [debug] [MainThread]: Parsing macros/materializations/incremental.sql
[0m15:56:43.541119 [debug] [MainThread]: Parsing macros/materializations/view.sql
[0m15:56:43.542959 [debug] [MainThread]: Parsing macros/materializations/copy.sql
[0m15:56:43.544883 [debug] [MainThread]: Parsing macros/generic_test_sql/unique.sql
[0m15:56:43.545414 [debug] [MainThread]: Parsing macros/generic_test_sql/not_null.sql
[0m15:56:43.546056 [debug] [MainThread]: Parsing macros/generic_test_sql/relationships.sql
[0m15:56:43.546650 [debug] [MainThread]: Parsing macros/generic_test_sql/accepted_values.sql
[0m15:56:43.547574 [debug] [MainThread]: Parsing macros/python_model/python.sql
[0m15:56:43.553044 [debug] [MainThread]: Parsing macros/get_custom_name/get_custom_alias.sql
[0m15:56:43.554247 [debug] [MainThread]: Parsing macros/get_custom_name/get_custom_database.sql
[0m15:56:43.555231 [debug] [MainThread]: Parsing macros/get_custom_name/get_custom_schema.sql
[0m15:56:43.556793 [debug] [MainThread]: Parsing macros/utils/dateadd.sql
[0m15:56:43.557568 [debug] [MainThread]: Parsing macros/utils/listagg.sql
[0m15:56:43.558970 [debug] [MainThread]: Parsing macros/utils/array_concat.sql
[0m15:56:43.559602 [debug] [MainThread]: Parsing macros/utils/except.sql
[0m15:56:43.560119 [debug] [MainThread]: Parsing macros/utils/array_append.sql
[0m15:56:43.560827 [debug] [MainThread]: Parsing macros/utils/replace.sql
[0m15:56:43.561765 [debug] [MainThread]: Parsing macros/utils/cast_bool_to_text.sql
[0m15:56:43.562450 [debug] [MainThread]: Parsing macros/utils/concat.sql
[0m15:56:43.563049 [debug] [MainThread]: Parsing macros/utils/split_part.sql
[0m15:56:43.564426 [debug] [MainThread]: Parsing macros/utils/any_value.sql
[0m15:56:43.565028 [debug] [MainThread]: Parsing macros/utils/last_day.sql
[0m15:56:43.566126 [debug] [MainThread]: Parsing macros/utils/array_construct.sql
[0m15:56:43.567026 [debug] [MainThread]: Parsing macros/utils/safe_cast.sql
[0m15:56:43.567709 [debug] [MainThread]: Parsing macros/utils/length.sql
[0m15:56:43.568401 [debug] [MainThread]: Parsing macros/utils/escape_single_quotes.sql
[0m15:56:43.569197 [debug] [MainThread]: Parsing macros/utils/right.sql
[0m15:56:43.569951 [debug] [MainThread]: Parsing macros/utils/data_types.sql
[0m15:56:43.574110 [debug] [MainThread]: Parsing macros/utils/datediff.sql
[0m15:56:43.574919 [debug] [MainThread]: Parsing macros/utils/bool_or.sql
[0m15:56:43.575498 [debug] [MainThread]: Parsing macros/utils/date_trunc.sql
[0m15:56:43.576292 [debug] [MainThread]: Parsing macros/utils/intersect.sql
[0m15:56:43.576870 [debug] [MainThread]: Parsing macros/utils/hash.sql
[0m15:56:43.577588 [debug] [MainThread]: Parsing macros/utils/position.sql
[0m15:56:43.578371 [debug] [MainThread]: Parsing macros/utils/literal.sql
[0m15:56:43.578988 [debug] [MainThread]: Parsing macros/adapters/persist_docs.sql
[0m15:56:43.581582 [debug] [MainThread]: Parsing macros/adapters/apply_grants.sql
[0m15:56:43.590553 [debug] [MainThread]: Parsing macros/adapters/columns.sql
[0m15:56:43.596613 [debug] [MainThread]: Parsing macros/adapters/freshness.sql
[0m15:56:43.597905 [debug] [MainThread]: Parsing macros/adapters/metadata.sql
[0m15:56:43.602701 [debug] [MainThread]: Parsing macros/adapters/relation.sql
[0m15:56:43.612346 [debug] [MainThread]: Parsing macros/adapters/schema.sql
[0m15:56:43.613845 [debug] [MainThread]: Parsing macros/adapters/indexes.sql
[0m15:56:43.615501 [debug] [MainThread]: Parsing macros/adapters/timestamps.sql
[0m15:56:43.617581 [debug] [MainThread]: Parsing macros/etc/datetime.sql
[0m15:56:43.622992 [debug] [MainThread]: Parsing macros/etc/statement.sql
[0m15:56:43.626156 [debug] [MainThread]: Parsing macros/materializations/configs.sql
[0m15:56:43.627570 [debug] [MainThread]: Parsing macros/materializations/hooks.sql
[0m15:56:43.630227 [debug] [MainThread]: Parsing macros/materializations/snapshots/strategies.sql
[0m15:56:43.640837 [debug] [MainThread]: Parsing macros/materializations/snapshots/helpers.sql
[0m15:56:43.648769 [debug] [MainThread]: Parsing macros/materializations/snapshots/snapshot_merge.sql
[0m15:56:43.649893 [debug] [MainThread]: Parsing macros/materializations/snapshots/snapshot.sql
[0m15:56:43.657180 [debug] [MainThread]: Parsing macros/materializations/tests/helpers.sql
[0m15:56:43.658463 [debug] [MainThread]: Parsing macros/materializations/tests/where_subquery.sql
[0m15:56:43.659718 [debug] [MainThread]: Parsing macros/materializations/tests/test.sql
[0m15:56:43.662664 [debug] [MainThread]: Parsing macros/materializations/models/view/create_or_replace_view.sql
[0m15:56:43.664829 [debug] [MainThread]: Parsing macros/materializations/models/view/helpers.sql
[0m15:56:43.665633 [debug] [MainThread]: Parsing macros/materializations/models/view/create_view_as.sql
[0m15:56:43.667135 [debug] [MainThread]: Parsing macros/materializations/models/view/view.sql
[0m15:56:43.670648 [debug] [MainThread]: Parsing macros/materializations/models/table/table.sql
[0m15:56:43.674493 [debug] [MainThread]: Parsing macros/materializations/models/table/create_table_as.sql
[0m15:56:43.676760 [debug] [MainThread]: Parsing macros/materializations/models/incremental/strategies.sql
[0m15:56:43.681074 [debug] [MainThread]: Parsing macros/materializations/models/incremental/merge.sql
[0m15:56:43.691055 [debug] [MainThread]: Parsing macros/materializations/models/incremental/incremental.sql
[0m15:56:43.697615 [debug] [MainThread]: Parsing macros/materializations/models/incremental/on_schema_change.sql
[0m15:56:43.708365 [debug] [MainThread]: Parsing macros/materializations/models/incremental/is_incremental.sql
[0m15:56:43.709409 [debug] [MainThread]: Parsing macros/materializations/models/incremental/column_helpers.sql
[0m15:56:43.714864 [debug] [MainThread]: Parsing macros/materializations/seeds/seed.sql
[0m15:56:43.719765 [debug] [MainThread]: Parsing macros/materializations/seeds/helpers.sql
[0m15:56:43.731502 [debug] [MainThread]: Parsing tests/generic/builtin.sql
[0m15:56:43.920672 [debug] [MainThread]: 1699: static parser successfully parsed example/my_first_dbt_model.sql
[0m15:56:43.929413 [debug] [MainThread]: 1699: static parser successfully parsed example/my_second_dbt_model.sql
[0m15:56:44.023390 [debug] [MainThread]: Sending event: {'category': 'dbt', 'action': 'load_project', 'label': '91b552f9-ce0b-42d4-b1b8-3a6d4ae2c087', 'context': [<snowplow_tracker.self_describing_json.SelfDescribingJson object at 0x7f197548aa60>]}
[0m15:56:44.028016 [debug] [MainThread]: Sending event: {'category': 'dbt', 'action': 'resource_counts', 'label': '91b552f9-ce0b-42d4-b1b8-3a6d4ae2c087', 'context': [<snowplow_tracker.self_describing_json.SelfDescribingJson object at 0x7f197548a430>]}
[0m15:56:44.028239 [info ] [MainThread]: Found 2 models, 4 tests, 0 snapshots, 0 analyses, 319 macros, 0 operations, 0 seed files, 0 sources, 0 exposures, 0 metrics
[0m15:56:44.028408 [debug] [MainThread]: Sending event: {'category': 'dbt', 'action': 'runnable_timing', 'label': '91b552f9-ce0b-42d4-b1b8-3a6d4ae2c087', 'context': [<snowplow_tracker.self_describing_json.SelfDescribingJson object at 0x7f1975147280>]}
[0m15:56:44.029201 [info ] [MainThread]: 
[0m15:56:44.029693 [debug] [MainThread]: Acquiring new bigquery connection "master"
[0m15:56:44.030488 [debug] [ThreadPool]: Acquiring new bigquery connection "list_smart-theory-367915"
[0m15:56:44.030752 [debug] [ThreadPool]: Opening a new connection, currently in state init
[0m15:56:44.973222 [debug] [ThreadPool]: Acquiring new bigquery connection "create_smart-theory-367915_dbt-Learn-Bigquery-Setup"
[0m15:56:44.974320 [debug] [ThreadPool]: Acquiring new bigquery connection "create_smart-theory-367915_dbt-Learn-Bigquery-Setup"
[0m15:56:44.974786 [debug] [ThreadPool]: Creating schema "_ReferenceKey(database='smart-theory-367915', schema='dbt-learn-bigquery-setup', identifier=None)"
[0m15:56:44.990695 [debug] [ThreadPool]: Opening a new connection, currently in state closed
[0m15:56:44.994532 [debug] [ThreadPool]: On create_smart-theory-367915_dbt-Learn-Bigquery-Setup: /* {"app": "dbt", "dbt_version": "1.3.0", "profile_name": "jaffle_shop", "target_name": "dev", "connection_name": "create_smart-theory-367915_dbt-Learn-Bigquery-Setup"} */
create schema if not exists `smart-theory-367915`.`dbt-Learn-Bigquery-Setup`
  
[0m15:56:47.122473 [debug] [ThreadPool]: BigQuery adapter: Retry attempt 1 of 1 after error: BadRequest('Invalid dataset ID "dbt-Learn-Bigquery-Setup". Dataset IDs must be alphanumeric (plus underscores) and must be at most 1024 characters long.')
[0m15:56:49.028345 [error] [ThreadPool]: BigQuery adapter: https://console.cloud.google.com/bigquery?project=smart-theory-367915&j=bq:US:62f0a142-03a4-40a3-a594-4a1af211b3ad&page=queryresults
[0m15:56:49.029385 [debug] [ThreadPool]: BigQuery adapter: Unhandled error while running:
macro create_schema
[0m15:56:49.029772 [debug] [ThreadPool]: BigQuery adapter: Database Error
  Invalid dataset ID "dbt-Learn-Bigquery-Setup". Dataset IDs must be alphanumeric (plus underscores) and must be at most 1024 characters long.
[0m15:56:49.032854 [debug] [MainThread]: Connection 'master' was properly closed.
[0m15:56:49.033294 [debug] [MainThread]: Connection 'create_smart-theory-367915_dbt-Learn-Bigquery-Setup' was properly closed.
[0m15:56:49.033733 [debug] [MainThread]: Sending event: {'category': 'dbt', 'action': 'invocation', 'label': 'end', 'context': [<snowplow_tracker.self_describing_json.SelfDescribingJson object at 0x7f197548a370>, <snowplow_tracker.self_describing_json.SelfDescribingJson object at 0x7f19b6daf0a0>, <snowplow_tracker.self_describing_json.SelfDescribingJson object at 0x7f19b63f03a0>]}
[0m15:56:49.034268 [debug] [MainThread]: Flushing usage events
[0m15:56:49.697448 [error] [MainThread]: Encountered an error:
Database Error
  Invalid dataset ID "dbt-Learn-Bigquery-Setup". Dataset IDs must be alphanumeric (plus underscores) and must be at most 1024 characters long.


============================== 2022-11-08 15:57:53.555999 | fe797c27-3c5f-4ad3-a297-c50e2eff86a6 ==============================
[0m15:57:53.556023 [info ] [MainThread]: Running with dbt=1.3.0
[0m15:57:53.556508 [debug] [MainThread]: running dbt with arguments {'write_json': True, 'use_colors': True, 'printer_width': 80, 'version_check': True, 'partial_parse': True, 'static_parser': True, 'profiles_dir': '/home/haynlyn/.dbt', 'send_anonymous_usage_stats': True, 'event_buffer_size': 100000, 'quiet': False, 'no_print': False, 'which': 'run', 'rpc_method': 'run', 'indirect_selection': 'eager'}
[0m15:57:53.556624 [debug] [MainThread]: Tracking: tracking
[0m15:57:53.560320 [debug] [MainThread]: Sending event: {'category': 'dbt', 'action': 'invocation', 'label': 'start', 'context': [<snowplow_tracker.self_describing_json.SelfDescribingJson object at 0x7fef49be7070>, <snowplow_tracker.self_describing_json.SelfDescribingJson object at 0x7fef49be7160>, <snowplow_tracker.self_describing_json.SelfDescribingJson object at 0x7fef49be7100>]}
[0m15:57:53.594713 [info ] [MainThread]: Unable to do partial parsing because profile has changed
[0m15:57:53.595167 [debug] [MainThread]: Sending event: {'category': 'dbt', 'action': 'partial_parser', 'label': 'fe797c27-3c5f-4ad3-a297-c50e2eff86a6', 'context': [<snowplow_tracker.self_describing_json.SelfDescribingJson object at 0x7fef49bd44c0>]}
[0m15:57:53.604140 [debug] [MainThread]: Parsing macros/adapters.sql
[0m15:57:53.618852 [debug] [MainThread]: Parsing macros/etc.sql
[0m15:57:53.620071 [debug] [MainThread]: Parsing macros/catalog.sql
[0m15:57:53.624144 [debug] [MainThread]: Parsing macros/utils/dateadd.sql
[0m15:57:53.624880 [debug] [MainThread]: Parsing macros/utils/listagg.sql
[0m15:57:53.625646 [debug] [MainThread]: Parsing macros/utils/array_concat.sql
[0m15:57:53.626080 [debug] [MainThread]: Parsing macros/utils/except.sql
[0m15:57:53.626353 [debug] [MainThread]: Parsing macros/utils/array_append.sql
[0m15:57:53.626807 [debug] [MainThread]: Parsing macros/utils/split_part.sql
[0m15:57:53.627852 [debug] [MainThread]: Parsing macros/utils/array_construct.sql
[0m15:57:53.628455 [debug] [MainThread]: Parsing macros/utils/safe_cast.sql
[0m15:57:53.628818 [debug] [MainThread]: Parsing macros/utils/escape_single_quotes.sql
[0m15:57:53.629235 [debug] [MainThread]: Parsing macros/utils/right.sql
[0m15:57:53.629678 [debug] [MainThread]: Parsing macros/utils/datediff.sql
[0m15:57:53.630501 [debug] [MainThread]: Parsing macros/utils/bool_or.sql
[0m15:57:53.630786 [debug] [MainThread]: Parsing macros/utils/date_trunc.sql
[0m15:57:53.631146 [debug] [MainThread]: Parsing macros/utils/timestamps.sql
[0m15:57:53.632117 [debug] [MainThread]: Parsing macros/utils/intersect.sql
[0m15:57:53.632383 [debug] [MainThread]: Parsing macros/utils/hash.sql
[0m15:57:53.632732 [debug] [MainThread]: Parsing macros/utils/position.sql
[0m15:57:53.633119 [debug] [MainThread]: Parsing macros/adapters/apply_grants.sql
[0m15:57:53.634758 [debug] [MainThread]: Parsing macros/materializations/seed.sql
[0m15:57:53.636241 [debug] [MainThread]: Parsing macros/materializations/table.sql
[0m15:57:53.640957 [debug] [MainThread]: Parsing macros/materializations/snapshot.sql
[0m15:57:53.642082 [debug] [MainThread]: Parsing macros/materializations/incremental.sql
[0m15:57:53.653646 [debug] [MainThread]: Parsing macros/materializations/view.sql
[0m15:57:53.655565 [debug] [MainThread]: Parsing macros/materializations/copy.sql
[0m15:57:53.657387 [debug] [MainThread]: Parsing macros/generic_test_sql/unique.sql
[0m15:57:53.657885 [debug] [MainThread]: Parsing macros/generic_test_sql/not_null.sql
[0m15:57:53.658416 [debug] [MainThread]: Parsing macros/generic_test_sql/relationships.sql
[0m15:57:53.658939 [debug] [MainThread]: Parsing macros/generic_test_sql/accepted_values.sql
[0m15:57:53.659760 [debug] [MainThread]: Parsing macros/python_model/python.sql
[0m15:57:53.663460 [debug] [MainThread]: Parsing macros/get_custom_name/get_custom_alias.sql
[0m15:57:53.664441 [debug] [MainThread]: Parsing macros/get_custom_name/get_custom_database.sql
[0m15:57:53.665479 [debug] [MainThread]: Parsing macros/get_custom_name/get_custom_schema.sql
[0m15:57:53.667092 [debug] [MainThread]: Parsing macros/utils/dateadd.sql
[0m15:57:53.667894 [debug] [MainThread]: Parsing macros/utils/listagg.sql
[0m15:57:53.669282 [debug] [MainThread]: Parsing macros/utils/array_concat.sql
[0m15:57:53.669945 [debug] [MainThread]: Parsing macros/utils/except.sql
[0m15:57:53.670464 [debug] [MainThread]: Parsing macros/utils/array_append.sql
[0m15:57:53.671115 [debug] [MainThread]: Parsing macros/utils/replace.sql
[0m15:57:53.671847 [debug] [MainThread]: Parsing macros/utils/cast_bool_to_text.sql
[0m15:57:53.672486 [debug] [MainThread]: Parsing macros/utils/concat.sql
[0m15:57:53.673069 [debug] [MainThread]: Parsing macros/utils/split_part.sql
[0m15:57:53.674517 [debug] [MainThread]: Parsing macros/utils/any_value.sql
[0m15:57:53.675119 [debug] [MainThread]: Parsing macros/utils/last_day.sql
[0m15:57:53.676301 [debug] [MainThread]: Parsing macros/utils/array_construct.sql
[0m15:57:53.677223 [debug] [MainThread]: Parsing macros/utils/safe_cast.sql
[0m15:57:53.677918 [debug] [MainThread]: Parsing macros/utils/length.sql
[0m15:57:53.678510 [debug] [MainThread]: Parsing macros/utils/escape_single_quotes.sql
[0m15:57:53.679150 [debug] [MainThread]: Parsing macros/utils/right.sql
[0m15:57:53.679808 [debug] [MainThread]: Parsing macros/utils/data_types.sql
[0m15:57:53.683862 [debug] [MainThread]: Parsing macros/utils/datediff.sql
[0m15:57:53.684703 [debug] [MainThread]: Parsing macros/utils/bool_or.sql
[0m15:57:53.685298 [debug] [MainThread]: Parsing macros/utils/date_trunc.sql
[0m15:57:53.685948 [debug] [MainThread]: Parsing macros/utils/intersect.sql
[0m15:57:53.686453 [debug] [MainThread]: Parsing macros/utils/hash.sql
[0m15:57:53.687116 [debug] [MainThread]: Parsing macros/utils/position.sql
[0m15:57:53.687891 [debug] [MainThread]: Parsing macros/utils/literal.sql
[0m15:57:53.688543 [debug] [MainThread]: Parsing macros/adapters/persist_docs.sql
[0m15:57:53.691485 [debug] [MainThread]: Parsing macros/adapters/apply_grants.sql
[0m15:57:53.699911 [debug] [MainThread]: Parsing macros/adapters/columns.sql
[0m15:57:53.706292 [debug] [MainThread]: Parsing macros/adapters/freshness.sql
[0m15:57:53.707660 [debug] [MainThread]: Parsing macros/adapters/metadata.sql
[0m15:57:53.712121 [debug] [MainThread]: Parsing macros/adapters/relation.sql
[0m15:57:53.721140 [debug] [MainThread]: Parsing macros/adapters/schema.sql
[0m15:57:53.722773 [debug] [MainThread]: Parsing macros/adapters/indexes.sql
[0m15:57:53.724921 [debug] [MainThread]: Parsing macros/adapters/timestamps.sql
[0m15:57:53.727183 [debug] [MainThread]: Parsing macros/etc/datetime.sql
[0m15:57:53.733095 [debug] [MainThread]: Parsing macros/etc/statement.sql
[0m15:57:53.736672 [debug] [MainThread]: Parsing macros/materializations/configs.sql
[0m15:57:53.738356 [debug] [MainThread]: Parsing macros/materializations/hooks.sql
[0m15:57:53.741037 [debug] [MainThread]: Parsing macros/materializations/snapshots/strategies.sql
[0m15:57:53.751528 [debug] [MainThread]: Parsing macros/materializations/snapshots/helpers.sql
[0m15:57:53.759581 [debug] [MainThread]: Parsing macros/materializations/snapshots/snapshot_merge.sql
[0m15:57:53.760623 [debug] [MainThread]: Parsing macros/materializations/snapshots/snapshot.sql
[0m15:57:53.767966 [debug] [MainThread]: Parsing macros/materializations/tests/helpers.sql
[0m15:57:53.769071 [debug] [MainThread]: Parsing macros/materializations/tests/where_subquery.sql
[0m15:57:53.770205 [debug] [MainThread]: Parsing macros/materializations/tests/test.sql
[0m15:57:53.772940 [debug] [MainThread]: Parsing macros/materializations/models/view/create_or_replace_view.sql
[0m15:57:53.775334 [debug] [MainThread]: Parsing macros/materializations/models/view/helpers.sql
[0m15:57:53.776181 [debug] [MainThread]: Parsing macros/materializations/models/view/create_view_as.sql
[0m15:57:53.777589 [debug] [MainThread]: Parsing macros/materializations/models/view/view.sql
[0m15:57:53.780982 [debug] [MainThread]: Parsing macros/materializations/models/table/table.sql
[0m15:57:53.784446 [debug] [MainThread]: Parsing macros/materializations/models/table/create_table_as.sql
[0m15:57:53.786712 [debug] [MainThread]: Parsing macros/materializations/models/incremental/strategies.sql
[0m15:57:53.790843 [debug] [MainThread]: Parsing macros/materializations/models/incremental/merge.sql
[0m15:57:53.800056 [debug] [MainThread]: Parsing macros/materializations/models/incremental/incremental.sql
[0m15:57:53.806346 [debug] [MainThread]: Parsing macros/materializations/models/incremental/on_schema_change.sql
[0m15:57:53.816637 [debug] [MainThread]: Parsing macros/materializations/models/incremental/is_incremental.sql
[0m15:57:53.817809 [debug] [MainThread]: Parsing macros/materializations/models/incremental/column_helpers.sql
[0m15:57:53.822746 [debug] [MainThread]: Parsing macros/materializations/seeds/seed.sql
[0m15:57:53.827675 [debug] [MainThread]: Parsing macros/materializations/seeds/helpers.sql
[0m15:57:53.839473 [debug] [MainThread]: Parsing tests/generic/builtin.sql
[0m15:57:54.071210 [debug] [MainThread]: 1699: static parser successfully parsed example/my_first_dbt_model.sql
[0m15:57:54.080238 [debug] [MainThread]: 1699: static parser successfully parsed example/my_second_dbt_model.sql
[0m15:57:54.127039 [debug] [MainThread]: Sending event: {'category': 'dbt', 'action': 'load_project', 'label': 'fe797c27-3c5f-4ad3-a297-c50e2eff86a6', 'context': [<snowplow_tracker.self_describing_json.SelfDescribingJson object at 0x7fef49be7fd0>]}
[0m15:57:54.132224 [debug] [MainThread]: Sending event: {'category': 'dbt', 'action': 'resource_counts', 'label': 'fe797c27-3c5f-4ad3-a297-c50e2eff86a6', 'context': [<snowplow_tracker.self_describing_json.SelfDescribingJson object at 0x7fef49f4e970>]}
[0m15:57:54.132457 [info ] [MainThread]: Found 2 models, 4 tests, 0 snapshots, 0 analyses, 319 macros, 0 operations, 0 seed files, 0 sources, 0 exposures, 0 metrics
[0m15:57:54.132635 [debug] [MainThread]: Sending event: {'category': 'dbt', 'action': 'runnable_timing', 'label': 'fe797c27-3c5f-4ad3-a297-c50e2eff86a6', 'context': [<snowplow_tracker.self_describing_json.SelfDescribingJson object at 0x7fef8b786250>]}
[0m15:57:54.133537 [info ] [MainThread]: 
[0m15:57:54.134071 [debug] [MainThread]: Acquiring new bigquery connection "master"
[0m15:57:54.134894 [debug] [ThreadPool]: Acquiring new bigquery connection "list_smart-theory-367915"
[0m15:57:54.135142 [debug] [ThreadPool]: Opening a new connection, currently in state init
[0m15:57:56.143703 [debug] [ThreadPool]: Acquiring new bigquery connection "create_smart-theory-367915_dbt_Learn_Bigquery_Setup"
[0m15:57:56.144725 [debug] [ThreadPool]: Acquiring new bigquery connection "create_smart-theory-367915_dbt_Learn_Bigquery_Setup"
[0m15:57:56.145150 [debug] [ThreadPool]: Creating schema "_ReferenceKey(database='smart-theory-367915', schema='dbt_learn_bigquery_setup', identifier=None)"
[0m15:57:56.155715 [debug] [ThreadPool]: Opening a new connection, currently in state closed
[0m15:57:56.159205 [debug] [ThreadPool]: On create_smart-theory-367915_dbt_Learn_Bigquery_Setup: /* {"app": "dbt", "dbt_version": "1.3.0", "profile_name": "jaffle_shop", "target_name": "dev", "connection_name": "create_smart-theory-367915_dbt_Learn_Bigquery_Setup"} */
create schema if not exists `smart-theory-367915`.`dbt_Learn_Bigquery_Setup`
  
[0m15:57:58.599492 [debug] [ThreadPool]: BigQuery adapter: https://console.cloud.google.com/bigquery?project=smart-theory-367915&j=bq:bb66aac9-183e-4af5-8d69-de690add4143:US&page=queryresults
[0m15:57:58.603080 [debug] [ThreadPool]: Acquiring new bigquery connection "list_smart-theory-367915_dbt_Learn_Bigquery_Setup"
[0m15:57:58.603689 [debug] [ThreadPool]: Opening a new connection, currently in state closed
[0m15:57:59.718560 [debug] [MainThread]: Sending event: {'category': 'dbt', 'action': 'runnable_timing', 'label': 'fe797c27-3c5f-4ad3-a297-c50e2eff86a6', 'context': [<snowplow_tracker.self_describing_json.SelfDescribingJson object at 0x7fef49c64280>]}
[0m15:57:59.719920 [info ] [MainThread]: Concurrency: 1 threads (target='dev')
[0m15:57:59.720537 [info ] [MainThread]: 
[0m15:57:59.737253 [debug] [Thread-1  ]: Began running node model.jaffle_shop.my_first_dbt_model
[0m15:57:59.737967 [info ] [Thread-1  ]: 1 of 2 START sql table model dbt_Learn_Bigquery_Setup.my_first_dbt_model ....... [RUN]
[0m15:57:59.739328 [debug] [Thread-1  ]: Acquiring new bigquery connection "model.jaffle_shop.my_first_dbt_model"
[0m15:57:59.739690 [debug] [Thread-1  ]: Began compiling node model.jaffle_shop.my_first_dbt_model
[0m15:57:59.739978 [debug] [Thread-1  ]: Compiling model.jaffle_shop.my_first_dbt_model
[0m15:57:59.747534 [debug] [Thread-1  ]: Writing injected SQL for node "model.jaffle_shop.my_first_dbt_model"
[0m15:57:59.748235 [debug] [Thread-1  ]: finished collecting timing info
[0m15:57:59.748505 [debug] [Thread-1  ]: Began executing node model.jaffle_shop.my_first_dbt_model
[0m15:57:59.774174 [debug] [Thread-1  ]: Writing runtime sql for node "model.jaffle_shop.my_first_dbt_model"
[0m15:57:59.774525 [debug] [Thread-1  ]: Opening a new connection, currently in state closed
[0m15:57:59.777924 [debug] [Thread-1  ]: On model.jaffle_shop.my_first_dbt_model: /* {"app": "dbt", "dbt_version": "1.3.0", "profile_name": "jaffle_shop", "target_name": "dev", "node_id": "model.jaffle_shop.my_first_dbt_model"} */

  
    

    create or replace table `smart-theory-367915`.`dbt_Learn_Bigquery_Setup`.`my_first_dbt_model`
    
    
    OPTIONS()
    as (
      /*
    Welcome to your first dbt model!
    Did you know that you can also configure models directly within SQL files?
    This will override configurations stated in dbt_project.yml

    Try changing "table" to "view" below
*/



with source_data as (

    select 1 as id
    union all
    select null as id

)

select *
from source_data

/*
    Uncomment the line below to remove records with null `id` values
*/

-- where id is not null
    );
  
[0m15:58:04.334855 [debug] [Thread-1  ]: BigQuery adapter: https://console.cloud.google.com/bigquery?project=smart-theory-367915&j=bq:f68cc464-98d4-4dbc-894c-53172525d38a:US&page=queryresults
[0m15:58:04.362527 [debug] [Thread-1  ]: finished collecting timing info
[0m15:58:04.363000 [debug] [Thread-1  ]: Sending event: {'category': 'dbt', 'action': 'run_model', 'label': 'fe797c27-3c5f-4ad3-a297-c50e2eff86a6', 'context': [<snowplow_tracker.self_describing_json.SelfDescribingJson object at 0x7fef49bfdac0>]}
[0m15:58:04.363278 [info ] [Thread-1  ]: 1 of 2 OK created sql table model dbt_Learn_Bigquery_Setup.my_first_dbt_model .. [[32mCREATE TABLE (2.0 rows, 0 processed)[0m in 4.62s]
[0m15:58:04.363608 [debug] [Thread-1  ]: Finished running node model.jaffle_shop.my_first_dbt_model
[0m15:58:04.364295 [debug] [Thread-1  ]: Began running node model.jaffle_shop.my_second_dbt_model
[0m15:58:04.364489 [info ] [Thread-1  ]: 2 of 2 START sql view model dbt_Learn_Bigquery_Setup.my_second_dbt_model ....... [RUN]
[0m15:58:04.364966 [debug] [Thread-1  ]: Acquiring new bigquery connection "model.jaffle_shop.my_second_dbt_model"
[0m15:58:04.365080 [debug] [Thread-1  ]: Began compiling node model.jaffle_shop.my_second_dbt_model
[0m15:58:04.365176 [debug] [Thread-1  ]: Compiling model.jaffle_shop.my_second_dbt_model
[0m15:58:04.368932 [debug] [Thread-1  ]: Writing injected SQL for node "model.jaffle_shop.my_second_dbt_model"
[0m15:58:04.369239 [debug] [Thread-1  ]: finished collecting timing info
[0m15:58:04.369369 [debug] [Thread-1  ]: Began executing node model.jaffle_shop.my_second_dbt_model
[0m15:58:04.383437 [debug] [Thread-1  ]: Writing runtime sql for node "model.jaffle_shop.my_second_dbt_model"
[0m15:58:04.383758 [debug] [Thread-1  ]: Opening a new connection, currently in state closed
[0m15:58:04.387195 [debug] [Thread-1  ]: On model.jaffle_shop.my_second_dbt_model: /* {"app": "dbt", "dbt_version": "1.3.0", "profile_name": "jaffle_shop", "target_name": "dev", "node_id": "model.jaffle_shop.my_second_dbt_model"} */


  create or replace view `smart-theory-367915`.`dbt_Learn_Bigquery_Setup`.`my_second_dbt_model`
  OPTIONS()
  as -- Use the `ref` function to select from other models

select *
from `smart-theory-367915`.`dbt_Learn_Bigquery_Setup`.`my_first_dbt_model`
where id = 1;


[0m15:58:07.407098 [debug] [Thread-1  ]: BigQuery adapter: https://console.cloud.google.com/bigquery?project=smart-theory-367915&j=bq:cc3f166c-b102-4eb9-9554-75419ec7f1b1:US&page=queryresults
[0m15:58:07.410238 [debug] [Thread-1  ]: finished collecting timing info
[0m15:58:07.411535 [debug] [Thread-1  ]: Sending event: {'category': 'dbt', 'action': 'run_model', 'label': 'fe797c27-3c5f-4ad3-a297-c50e2eff86a6', 'context': [<snowplow_tracker.self_describing_json.SelfDescribingJson object at 0x7fef8b741040>]}
[0m15:58:07.412337 [info ] [Thread-1  ]: 2 of 2 OK created sql view model dbt_Learn_Bigquery_Setup.my_second_dbt_model .. [[32mCREATE VIEW (0 processed)[0m in 3.05s]
[0m15:58:07.413313 [debug] [Thread-1  ]: Finished running node model.jaffle_shop.my_second_dbt_model
[0m15:58:07.416068 [debug] [MainThread]: Acquiring new bigquery connection "master"
[0m15:58:07.417180 [info ] [MainThread]: 
[0m15:58:07.417721 [info ] [MainThread]: Finished running 1 table model, 1 view model in 0 hours 0 minutes and 13.28 seconds (13.28s).
[0m15:58:07.418204 [debug] [MainThread]: Connection 'master' was properly closed.
[0m15:58:07.418455 [debug] [MainThread]: Connection 'model.jaffle_shop.my_second_dbt_model' was properly closed.
[0m15:58:07.433606 [info ] [MainThread]: 
[0m15:58:07.433939 [info ] [MainThread]: [32mCompleted successfully[0m
[0m15:58:07.434202 [info ] [MainThread]: 
[0m15:58:07.434408 [info ] [MainThread]: Done. PASS=2 WARN=0 ERROR=0 SKIP=0 TOTAL=2
[0m15:58:07.434687 [debug] [MainThread]: Sending event: {'category': 'dbt', 'action': 'invocation', 'label': 'end', 'context': [<snowplow_tracker.self_describing_json.SelfDescribingJson object at 0x7fef49c8c130>, <snowplow_tracker.self_describing_json.SelfDescribingJson object at 0x7fef49c1c100>, <snowplow_tracker.self_describing_json.SelfDescribingJson object at 0x7fef8a5563a0>]}
[0m15:58:07.434903 [debug] [MainThread]: Flushing usage events
